<?xml version="1.0" encoding="UTF-8"?>
<testsuite xmlns:xsi="http://www.w3.org/2001/XMLSchema-instance" xsi:noNamespaceSchemaLocation="https://maven.apache.org/surefire/maven-surefire-plugin/xsd/surefire-test-report-3.0.xsd" version="3.0" name="com.electrolux.pushnotification.registrationservice.RegistrationServiceApplicationTests" time="6.631" tests="1" errors="0" skipped="0" failures="0">
  <properties>
[...]
</properties>
  <testcase name="contextLoads" classname="com.electrolux.pushnotification.registrationservice.RegistrationServiceApplicationTests" time="2.224">
    <system-out><![CDATA[10:59:55.196 [main] INFO org.springframework.test.context.support.AnnotationConfigContextLoaderUtils -- Could not detect default configuration classes for test class [com.electrolux.pushnotification.registrationservice.RegistrationServiceApplicationTests]: RegistrationServiceApplicationTests does not declare any static, non-private, non-final, nested classes annotated with @Configuration.
10:59:55.352 [main] INFO org.springframework.boot.test.context.SpringBootTestContextBootstrapper -- Found @SpringBootConfiguration com.electrolux.pushnotification.registrationservice.RegistrationServiceApplication for test class com.electrolux.pushnotification.registrationservice.RegistrationServiceApplicationTests

  .   ____          _            __ _ _
 /\\ / ___'_ __ _ _(_)_ __  __ _ \ \ \ \
( ( )\___ | '_ | '_| | '_ \/ _` | \ \ \ \
 \\/  ___)| |_)| | | | | || (_| |  ) ) ) )
  '  |____| .__|_| |_|_| |_\__, | / / / /
 =========|_|==============|___/=/_/_/_/
 :: Spring Boot ::                (v3.1.0)

2023-07-07T10:59:56.402-04:00  INFO 27160 --- [           main] .p.r.RegistrationServiceApplicationTests : Starting RegistrationServiceApplicationTests using Java 17.0.7 with PID 27160 (started by ThakuSan in C:\Project\NA_PN_Platform\registration-service)
2023-07-07T10:59:56.409-04:00  INFO 27160 --- [           main] .p.r.RegistrationServiceApplicationTests : No active profile set, falling back to 1 default profile: "default"
2023-07-07T10:59:59.304-04:00  INFO 27160 --- [           main] .p.r.RegistrationServiceApplicationTests : Started RegistrationServiceApplicationTests in 3.654 seconds (process running for 6.114)
]]></system-out>
    <system-err><![CDATA[SLF4J: Class path contains multiple SLF4J providers.
SLF4J: Found provider [ch.qos.logback.classic.spi.LogbackServiceProvider@2d1ef81a]
SLF4J: Found provider [org.slf4j.simple.SimpleServiceProvider@4c402120]
SLF4J: See https://www.slf4j.org/codes.html#multiple_bindings for an explanation.
SLF4J: Actual provider is of type [ch.qos.logback.classic.spi.LogbackServiceProvider@2d1ef81a]
]]></system-err>
  </testcase>
</testsuite>